<?xml version="1.0" encoding="UTF-8"?>
<!-- Generated by org.testng.reporters.JUnitXMLReporter -->
<testsuite ignored="0" hostname="DESKTOP-971UVCH" failures="0" tests="2" name="Command line test" time="38.759" errors="0" timestamp="2022-02-21T11:42:51 BRT">
  <testcase classname="com.selenium.navegation.runner.RunSuiteTest" name="runScenario" time="19.264"/>
  <testcase classname="com.selenium.navegation.runner.RunSuiteTest" name="runScenario" time="18.995"/>
</testsuite> <!-- Command line test -->
